NC_010628.1	lcl|NZ_BDUD01000001.1_cds_WP_109006745.1_12	93.187	4051	271	3	6177039	6181088	1	4047	0.0	5947
NC_010628.1	lcl|NZ_BDUD01000001.1_cds_WP_109006747.1_14	96.000	3300	132	0	6171625	6174924	1	3300	0.0	5363
NC_010628.1	lcl|NZ_BDUD01000001.1_cds_WP_109006798.1_76	93.058	2492	165	3	1812072	1814556	1	2491	0.0	3637
NC_010628.1	lcl|NZ_BDUD01000001.1_cds_WP_109006746.1_13	96.326	1878	69	0	6175041	6176918	1	1878	0.0	3086
NC_010628.1	lcl|NZ_BDUD01000001.1_cds_WP_109006786.1_61	88.536	2390	274	0	6132817	6135206	1	2390	0.0	2896
NC_010628.1	lcl|NZ_BDUD01000001.1_cds_WP_109006758.1_26	91.172	2073	174	2	6162244	6164316	2064	1	0.0	2806
NC_010628.1	lcl|NZ_BDUD01000001.1_cds_WP_109006787.1_64	87.697	2284	274	5	6128718	6131001	2004	4280	0.0	2654
NC_010628.1	lcl|NZ_BDUD01000001.1_cds_WP_109006787.1_64	84.302	2013	296	18	6127099	6129101	1	2003	0.0	1949
NC_010628.1	lcl|NZ_BDUD01000001.1_cds_WP_109006787.1_64	86.992	123	12	4	6853847	6853967	4296	4416	9.13e-30	135
NC_010628.1	lcl|NZ_BDUD01000001.1_cds_WP_109006807.1_87	93.519	1620	105	0	3363581	3365200	1620	1	0.0	2410
NC_010628.1	lcl|NZ_BDUD01000001.1_cds_WP_109006783.1_59	85.740	2230	268	13	6135550	6137730	9	2237	0.0	2311
NC_010628.1	lcl|NZ_BDUD01000001.1_cds_WP_109006783.1_59	88.298	658	77	0	6137971	6138628	2382	3039	0.0	789
NC_010628.1	lcl|NZ_BDUD01000001.1_cds_WP_109006800.1_78	88.036	1772	205	6	1819416	1821185	1767	1	0.0	2091
NC_010628.1	lcl|NZ_BDUD01000001.1_cds_WP_109006800.1_78	89.039	1633	177	1	1816611	1818241	3381	1749	0.0	2023
NC_010628.1	lcl|NZ_BDUD01000001.1_cds_WP_109012380.1_52	94.284	1312	73	2	6143581	6144891	1311	1	0.0	2006
NC_010628.1	lcl|NZ_BDUD01000001.1_cds_WP_109006750.1_17	94.393	1302	73	0	6167413	6168714	1302	1	0.0	2001
NC_010628.1	lcl|NZ_BDUD01000001.1_cds_WP_109006805.1_85	92.388	1340	102	0	3366073	3367412	1340	1	0.0	1910
NC_010628.1	lcl|NZ_BDUD01000001.1_cds_WP_109006767.1_39	95.443	1185	54	0	6156274	6157458	1	1185	0.0	1890
NC_010628.1	lcl|NZ_BDUD01000001.1_cds_WP_109006743.1_10	91.183	1327	117	0	6092261	6093587	1	1327	0.0	1803
NC_010628.1	lcl|NZ_BDUD01000001.1_cds_WP_109006741.1_8	90.230	1392	112	12	6182215	6183582	1392	1	0.0	1796
NC_010628.1	lcl|NZ_BDUD01000001.1_cds_WP_109006790.1_67	91.484	1233	105	0	6123964	6125196	1233	1	0.0	1696
NC_010628.1	lcl|NZ_BDUD01000001.1_cds_WP_109006801.1_80	92.327	1173	90	0	1822561	1823733	1	1173	0.0	1668
NC_010628.1	lcl|NZ_BDUD01000001.1_cds_WP_109006792.1_69	91.315	1186	101	2	8022081	8023265	1185	1	0.0	1618
NC_010628.1	lcl|NZ_BDUD01000001.1_cds_WP_109006760.1_28	90.304	1186	106	3	6159610	6160795	1	1177	0.0	1544
NC_010628.1	lcl|NZ_BDUD01000001.1_cds_WP_109006791.1_68	88.596	1289	119	15	6122567	6123832	1	1284	0.0	1541
NC_010628.1	lcl|NZ_BDUD01000001.1_cds_WP_109006799.1_77	90.783	1150	102	4	1815382	1816529	1	1148	0.0	1533
NC_010628.1	lcl|NZ_BDUD01000001.1_cds_WP_109006814.1_94	94.030	1005	60	0	3343186	3344190	1005	1	0.0	1524
NC_010628.1	lcl|NZ_BDUD01000001.1_cds_WP_109006811.1_91	91.154	1040	92	0	3360972	3362011	1	1040	0.0	1411
NC_010628.1	lcl|NZ_BDUD01000001.1_cds_WP_109006809.1_89	91.398	1023	88	0	3362402	3363424	1	1023	0.0	1402
NC_010628.1	lcl|NZ_BDUD01000001.1_cds_WP_109006775.1_48	91.347	1017	88	0	6147447	6148463	1	1017	0.0	1391
NC_010628.1	lcl|NZ_BDUD01000001.1_cds_WP_109006759.1_27	94.348	867	49	0	6161233	6162099	1	867	0.0	1330
NC_010628.1	lcl|NZ_BDUD01000001.1_cds_WP_109006770.1_41	92.921	890	58	5	6154913	6155799	888	1	0.0	1290
NC_010628.1	lcl|NZ_BDUD01000001.1_cds_WP_109012384.1_79	92.873	884	63	0	1821421	1822304	884	1	0.0	1284
NC_010628.1	lcl|NZ_BDUD01000001.1_cds_WP_109006757.1_25	91.300	908	75	4	6164472	6165377	906	1	0.0	1236
NC_010628.1	lcl|NZ_BDUD01000001.1_cds_WP_109006748.1_15	92.112	786	62	0	6170093	6170878	1	786	0.0	1109
NC_010628.1	lcl|NZ_BDUD01000001.1_cds_WP_109006812.1_92	91.826	783	64	0	3359733	3360515	783	1	0.0	1092
NC_010628.1	lcl|NZ_BDUD01000001.1_cds_WP_109006816.1_96	90.510	843	50	5	3344989	3345810	834	1	0.0	1086
NC_010628.1	lcl|NZ_BDUD01000001.1_cds_WP_109006816.1_96	100.000	32	0	0	796155	796186	454	485	5.65e-07	60.2
NC_010628.1	lcl|NZ_BDUD01000001.1_cds_WP_109006816.1_96	100.000	29	0	0	2461835	2461863	483	455	2.63e-05	54.7
NC_010628.1	lcl|NZ_BDUD01000001.1_cds_WP_109006797.1_74	84.805	1053	151	9	2372332	2373381	1047	1	0.0	1050
NC_010628.1	lcl|NZ_BDUD01000001.1_cds_WP_109006817.1_97	95.813	621	26	0	3345800	3346420	621	1	0.0	1003
NC_010628.1	lcl|NZ_BDUD01000001.1_cds_WP_109006737.1_3	90.872	745	65	2	6090983	6091727	742	1	0.0	996
NC_010628.1	lcl|NZ_BDUD01000001.1_cds_WP_109006740.1_7	94.497	636	35	0	6184175	6184810	1	636	0.0	981
NC_010628.1	lcl|NZ_BDUD01000001.1_cds_WP_109006773.1_44	93.038	632	44	0	6152577	6153208	632	1	0.0	924
NC_010628.1	lcl|NZ_BDUD01000001.1_cds_WP_109006815.1_95	93.098	594	41	0	3344340	3344933	594	1	0.0	870
NC_010628.1	lcl|NZ_BDUD01000001.1_cds_WP_109006779.1_53	92.371	603	46	0	6142850	6143452	4	606	0.0	859
NC_010628.1	lcl|NZ_BDUD01000001.1_cds_WP_109006739.1_6	93.989	549	30	2	6184894	6185442	1	546	0.0	828
NC_010628.1	lcl|NZ_BDUD01000001.1_cds_WP_109006744.1_11	92.416	567	41	2	6181242	6181807	566	1	0.0	808
NC_010628.1	lcl|NZ_BDUD01000001.1_cds_WP_109006763.1_32	93.482	537	35	0	6158348	6158884	1	537	0.0	798
NC_010628.1	lcl|NZ_BDUD01000001.1_cds_WP_181373842.1_46	92.714	549	40	0	6151355	6151903	549	1	0.0	793
NC_010628.1	lcl|NZ_BDUD01000001.1_cds_WP_109012381.1_55	90.184	489	45	2	6142233	6142721	1	486	7.38e-180	634
NC_010628.1	lcl|NZ_BDUD01000001.1_cds_WP_109006782.1_57	91.096	438	39	0	6140669	6141106	1	438	1.25e-167	593
NC_010628.1	lcl|NZ_BDUD01000001.1_cds_WP_109006751.1_18	89.952	418	39	3	6166651	6167066	417	1	2.14e-150	536
NC_010628.1	lcl|NZ_BDUD01000001.1_cds_WP_109006793.1_70	94.395	339	19	0	2059843	2060181	339	1	6.00e-146	521
NC_010628.1	lcl|NZ_BDUD01000001.1_cds_WP_109006756.1_24	90.956	387	35	0	6165695	6166081	1	387	6.00e-146	521
NC_010628.1	lcl|NZ_BDUD01000001.1_cds_WP_109006796.1_72	92.329	365	28	0	1807281	1807645	365	1	2.16e-145	520
NC_010628.1	lcl|NZ_BDUD01000001.1_cds_WP_109006804.1_84	92.222	360	28	0	3367497	3367856	360	1	1.30e-142	510
NC_010628.1	lcl|NZ_BDUD01000001.1_cds_58	88.416	423	49	0	6139899	6140321	1	423	1.30e-142	510
NC_010628.1	lcl|NZ_BDUD01000001.1_cds_WP_109006738.1_4	90.909	374	34	0	6185888	6186261	1	374	2.17e-140	503
NC_010628.1	lcl|NZ_BDUD01000001.1_cds_WP_109006762.1_31	87.147	389	50	0	6159082	6159470	2	390	4.80e-122	442
NC_010628.1	lcl|NZ_BDUD01000001.1_cds_WP_109006755.1_23	90.504	337	28	1	6166260	6166596	607	275	4.80e-122	442
NC_010628.1	lcl|NZ_BDUD01000001.1_cds_WP_109006794.1_71	85.060	415	62	0	2290430	2290844	941	1355	1.74e-116	424
NC_010628.1	lcl|NZ_BDUD01000001.1_cds_WP_109006794.1_71	83.371	445	70	4	2289493	2289935	1	443	4.87e-112	409
NC_010628.1	lcl|NZ_BDUD01000001.1_cds_WP_109006813.1_93	92.708	288	21	0	3342859	3343146	288	1	2.91e-114	416
NC_010628.1	lcl|NZ_BDUD01000001.1_cds_WP_181373840.1_16	91.724	290	24	0	6169437	6169726	1	290	2.27e-110	403
NC_010628.1	lcl|NZ_BDUD01000001.1_cds_WP_100899470.1_45	95.652	207	9	0	6152202	6152408	207	1	3.02e-89	333
NC_010628.1	lcl|NZ_BDUD01000001.1_cds_WP_109012383.1_73	84.365	307	45	1	5862142	5862448	333	30	1.10e-78	298
NC_010628.1	lcl|NZ_BDUD01000001.1_cds_WP_109006788.1_65	87.698	252	31	0	6126144	6126395	252	1	1.42e-77	294
NC_010628.1	lcl|NZ_BDUD01000001.1_cds_WP_109006789.1_66	89.498	219	23	0	6125497	6125715	1	219	1.43e-72	278
NC_010628.1	lcl|NZ_BDUD01000001.1_cds_WP_181373843.1_60	88.085	235	24	4	850066	850298	259	27	5.15e-72	276
NC_010628.1	lcl|NZ_BDUD01000001.1_cds_WP_181373843.1_60	91.753	194	14	2	850127	850319	219	27	8.63e-70	268
NC_010628.1	lcl|NZ_BDUD01000001.1_cds_WP_181373843.1_60	92.778	180	11	2	850099	850277	205	27	5.19e-67	259
NC_010628.1	lcl|NZ_BDUD01000001.1_cds_WP_181373843.1_60	91.429	175	13	2	850148	850321	219	46	6.76e-61	239
NC_010628.1	lcl|NZ_BDUD01000001.1_cds_WP_181373843.1_60	94.805	154	6	2	850169	850321	219	67	6.76e-61	239
NC_010628.1	lcl|NZ_BDUD01000001.1_cds_WP_181373843.1_60	90.566	159	13	2	850099	850256	184	27	5.30e-52	209
NC_010628.1	lcl|NZ_BDUD01000001.1_cds_WP_181373843.1_60	92.424	132	8	2	850190	850320	219	89	2.48e-45	187
NC_010628.1	lcl|NZ_BDUD01000001.1_cds_WP_181373843.1_60	90.580	138	11	2	850099	850235	163	27	1.16e-43	182
NC_010628.1	lcl|NZ_BDUD01000001.1_cds_WP_181373843.1_60	89.706	136	14	0	4471847	4471982	162	27	1.93e-41	174
NC_010628.1	lcl|NZ_BDUD01000001.1_cds_WP_181373843.1_60	90.598	117	9	2	850099	850214	142	27	2.52e-35	154
NC_010628.1	lcl|NZ_BDUD01000001.1_cds_WP_181373843.1_60	94.444	90	5	0	850232	850321	219	130	7.06e-31	139
NC_010628.1	lcl|NZ_BDUD01000001.1_cds_WP_181373843.1_60	91.579	95	8	0	850099	850193	121	27	1.18e-28	132
NC_010628.1	lcl|NZ_BDUD01000001.1_cds_WP_181373843.1_60	89.320	103	11	0	4471958	4472060	219	117	4.25e-28	130
NC_010628.1	lcl|NZ_BDUD01000001.1_cds_WP_181373843.1_60	93.506	77	4	1	850253	850329	219	144	4.28e-23	113
NC_010628.1	lcl|NZ_BDUD01000001.1_cds_WP_181373843.1_60	96.721	61	2	0	1310865	1310925	110	170	9.26e-20	102
NC_010628.1	lcl|NZ_BDUD01000001.1_cds_WP_181373843.1_60	95.161	62	3	0	1310864	1310925	130	191	1.20e-18	99.0
NC_010628.1	lcl|NZ_BDUD01000001.1_cds_WP_181373843.1_60	89.189	74	8	0	850099	850172	100	27	5.57e-17	93.5
NC_010628.1	lcl|NZ_BDUD01000001.1_cds_WP_109006810.1_90	90.000	180	18	0	3362100	3362279	1	180	3.15e-59	233
NC_010628.1	lcl|NZ_BDUD01000001.1_cds_WP_063721252.1_5	95.327	107	5	0	6185571	6185677	107	1	2.50e-40	171
NC_010628.1	lcl|NZ_BDUD01000001.1_cds_38	92.135	89	7	0	6157568	6157656	3380	3468	5.49e-27	126
NC_010628.1	lcl|NZ_BDUD01000001.1_cds_WP_181373846.1_81	96.923	65	2	0	6853910	6853974	1	65	5.53e-22	110
NC_010628.1	lcl|NZ_BDUD01000001.1_cds_WP_181373846.1_81	96.296	54	2	0	7941603	7941656	1	54	7.21e-16	89.8
NC_010628.1	lcl|NZ_BDUD01000001.1_cds_WP_181373846.1_81	96.078	51	2	0	4826081	4826131	51	1	3.35e-14	84.2
NC_010628.1	lcl|NZ_BDUD01000001.1_cds_WP_181373846.1_81	91.489	47	4	0	7761388	7761434	47	1	1.21e-08	65.8
NC_010628.1	lcl|NZ_BDUD01000001.1_cds_WP_181373846.1_81	97.297	37	1	0	1185175	1185211	79	43	4.37e-08	63.9
NC_010628.1	lcl|NZ_BDUD01000001.1_cds_WP_181373846.1_81	97.059	34	0	1	6414225	6414257	114	81	7.31e-06	56.5
NC_010628.1	lcl|NZ_BDUD01000001.1_cds_WP_109006780.1_54	100.000	30	0	0	5462656	5462685	236	207	7.31e-06	56.5
NC_010628.1	lcl|NZ_BDUD01000001.1_cds_WP_109006780.1_54	100.000	28	0	0	3575359	3575386	195	222	9.46e-05	52.8
NC_010631.1	lcl|NZ_BDUD01000001.1_cds_38	79.521	1421	281	9	338530	339945	1416	1	0.0	1003
NC_010631.1	lcl|NZ_BDUD01000001.1_cds_38	78.652	1424	290	12	336484	337900	3456	2040	0.0	933
NC_010631.1	lcl|NZ_BDUD01000001.1_cds_38	80.730	493	88	6	337991	338478	1925	1435	5.94e-104	377
NC_010631.1	lcl|NZ_BDUD01000001.1_cds_WP_109006765.1_35	75.957	1568	347	28	334313	335868	1550	1	0.0	780
