lcl|NZ_BDUD01000001.1_cds_WP_109006737.1_3	NC_010628.1	90.872	745	65	2	1	742	6091727	6090983	0.0	996
lcl|NZ_BDUD01000001.1_cds_WP_109006738.1_4	NC_010628.1	90.909	374	34	0	1	374	6185888	6186261	9.20e-143	503
lcl|NZ_BDUD01000001.1_cds_WP_063721252.1_5	NC_010628.1	94.545	110	6	0	1	110	6185677	6185568	2.79e-43	171
lcl|NZ_BDUD01000001.1_cds_WP_109006739.1_6	NC_010628.1	93.989	549	30	2	1	546	6184894	6185442	0.0	828
lcl|NZ_BDUD01000001.1_cds_WP_109006740.1_7	NC_010628.1	94.497	636	35	0	1	636	6184175	6184810	0.0	981
lcl|NZ_BDUD01000001.1_cds_WP_109006741.1_8	NC_010628.1	90.230	1392	112	12	1	1392	6183582	6182215	0.0	1796
lcl|NZ_BDUD01000001.1_cds_WP_109006743.1_10	NC_010628.1	91.183	1327	117	0	1	1327	6092261	6093587	0.0	1803
lcl|NZ_BDUD01000001.1_cds_WP_109006744.1_11	NC_010628.1	92.416	567	41	2	1	566	6181807	6181242	0.0	808
lcl|NZ_BDUD01000001.1_cds_WP_109006745.1_12	NC_010628.1	93.187	4051	271	3	1	4047	6177039	6181088	0.0	5947
lcl|NZ_BDUD01000001.1_cds_WP_109006746.1_13	NC_010628.1	96.326	1878	69	0	1	1878	6175041	6176918	0.0	3086
lcl|NZ_BDUD01000001.1_cds_WP_109006747.1_14	NC_010628.1	96.000	3300	132	0	1	3300	6171625	6174924	0.0	5363
lcl|NZ_BDUD01000001.1_cds_WP_109006748.1_15	NC_010628.1	92.112	786	62	0	1	786	6170093	6170878	0.0	1109
lcl|NZ_BDUD01000001.1_cds_WP_181373840.1_16	NC_010628.1	91.724	290	24	0	1	290	6169437	6169726	7.48e-113	403
lcl|NZ_BDUD01000001.1_cds_WP_109006750.1_17	NC_010628.1	94.393	1302	73	0	1	1302	6168714	6167413	0.0	2001
lcl|NZ_BDUD01000001.1_cds_WP_109006751.1_18	NC_010628.1	89.952	418	39	3	1	417	6167066	6166651	1.04e-152	536
lcl|NZ_BDUD01000001.1_cds_WP_109006755.1_23	NC_010628.1	90.504	337	28	1	275	607	6166596	6166260	3.41e-124	442
lcl|NZ_BDUD01000001.1_cds_WP_109006756.1_24	NC_010628.1	90.956	387	35	0	1	387	6165695	6166081	2.63e-148	521
lcl|NZ_BDUD01000001.1_cds_WP_109006757.1_25	NC_010628.1	91.300	908	75	4	1	906	6165377	6164472	0.0	1236
lcl|NZ_BDUD01000001.1_cds_WP_109006758.1_26	NC_010628.1	91.172	2073	174	2	1	2064	6164316	6162244	0.0	2806
lcl|NZ_BDUD01000001.1_cds_WP_109006759.1_27	NC_010628.1	94.348	867	49	0	1	867	6161233	6162099	0.0	1330
lcl|NZ_BDUD01000001.1_cds_WP_109006760.1_28	NC_010628.1	90.304	1186	106	3	1	1177	6159610	6160795	0.0	1544
lcl|NZ_BDUD01000001.1_cds_WP_109006762.1_31	NC_010628.1	87.147	389	50	0	2	390	6159082	6159470	2.12e-124	442
lcl|NZ_BDUD01000001.1_cds_WP_109006763.1_32	NC_010628.1	93.482	537	35	0	1	537	6158348	6158884	0.0	798
lcl|NZ_BDUD01000001.1_cds_WP_109006765.1_35	NC_010631.1	75.974	1565	346	28	10	1556	335859	334307	0.0	780
lcl|NZ_BDUD01000001.1_cds_38	NC_010631.1	79.521	1421	281	9	1	1416	339945	338530	0.0	1003
lcl|NZ_BDUD01000001.1_cds_38	NC_010631.1	78.667	1425	288	13	2040	3456	337900	336484	0.0	933
lcl|NZ_BDUD01000001.1_cds_38	NC_010631.1	80.730	493	88	6	1435	1925	338478	337991	5.67e-104	377
lcl|NZ_BDUD01000001.1_cds_38	NC_010628.1	92.135	89	7	0	3380	3468	6157568	6157656	2.27e-28	126
lcl|NZ_BDUD01000001.1_cds_WP_109006767.1_39	NC_010628.1	95.443	1185	54	0	1	1185	6156274	6157458	0.0	1890
lcl|NZ_BDUD01000001.1_cds_WP_109006770.1_41	NC_010628.1	92.921	890	58	5	1	888	6155799	6154913	0.0	1290
lcl|NZ_BDUD01000001.1_cds_WP_109006773.1_44	NC_010628.1	93.038	632	44	0	1	632	6153208	6152577	0.0	924
lcl|NZ_BDUD01000001.1_cds_WP_100899470.1_45	NC_010628.1	95.652	207	9	0	1	207	6152408	6152202	6.73e-92	333
lcl|NZ_BDUD01000001.1_cds_WP_181373842.1_46	NC_010628.1	92.294	558	43	0	1	558	6151903	6151346	0.0	793
lcl|NZ_BDUD01000001.1_cds_WP_109006775.1_48	NC_010628.1	91.347	1017	88	0	1	1017	6147447	6148463	0.0	1391
lcl|NZ_BDUD01000001.1_cds_WP_109012380.1_52	NC_010628.1	94.284	1312	73	2	1	1311	6144891	6143581	0.0	2006
lcl|NZ_BDUD01000001.1_cds_WP_109006779.1_53	NC_010628.1	92.371	603	46	0	4	606	6142850	6143452	0.0	859
lcl|NZ_BDUD01000001.1_cds_WP_109012381.1_55	NC_010628.1	90.184	489	45	2	1	486	6142233	6142721	0.0	634
lcl|NZ_BDUD01000001.1_cds_WP_109006782.1_57	NC_010628.1	91.096	438	39	0	1	438	6140669	6141106	6.25e-170	593
lcl|NZ_BDUD01000001.1_cds_58	NC_010628.1	88.416	423	49	0	1	423	6139899	6140321	6.24e-145	510
lcl|NZ_BDUD01000001.1_cds_WP_109006783.1_59	NC_010628.1	85.740	2230	268	13	9	2237	6135550	6137730	0.0	2311
lcl|NZ_BDUD01000001.1_cds_WP_109006783.1_59	NC_010628.1	88.298	658	77	0	2382	3039	6137971	6138628	0.0	789
lcl|NZ_BDUD01000001.1_cds_WP_181373843.1_60	NC_010628.1	88.085	235	24	4	27	259	850298	850066	2.20e-74	276
lcl|NZ_BDUD01000001.1_cds_WP_181373843.1_60	NC_010628.1	91.753	194	14	2	27	219	850319	850127	3.68e-72	268
lcl|NZ_BDUD01000001.1_cds_WP_181373843.1_60	NC_010628.1	92.778	180	11	2	27	205	850277	850099	2.22e-69	259
lcl|NZ_BDUD01000001.1_cds_WP_181373843.1_60	NC_010628.1	91.429	175	13	2	46	219	850321	850148	2.89e-63	239
lcl|NZ_BDUD01000001.1_cds_WP_181373843.1_60	NC_010628.1	94.805	154	6	2	67	219	850321	850169	2.89e-63	239
lcl|NZ_BDUD01000001.1_cds_WP_181373843.1_60	NC_010628.1	90.566	159	13	2	27	184	850256	850099	2.26e-54	209
lcl|NZ_BDUD01000001.1_cds_WP_181373843.1_60	NC_010628.1	92.424	132	8	2	89	219	850320	850190	1.06e-47	187
lcl|NZ_BDUD01000001.1_cds_WP_181373843.1_60	NC_010628.1	90.580	138	11	2	27	163	850235	850099	4.94e-46	182
lcl|NZ_BDUD01000001.1_cds_WP_181373843.1_60	NC_010628.1	89.706	136	14	0	27	162	4471982	4471847	8.26e-44	174
lcl|NZ_BDUD01000001.1_cds_WP_181373843.1_60	NC_010628.1	90.598	117	9	2	27	142	850214	850099	1.08e-37	154
lcl|NZ_BDUD01000001.1_cds_WP_181373843.1_60	NC_010628.1	94.444	90	5	0	130	219	850321	850232	3.01e-33	139
lcl|NZ_BDUD01000001.1_cds_WP_181373843.1_60	NC_010628.1	91.579	95	8	0	27	121	850193	850099	5.04e-31	132
lcl|NZ_BDUD01000001.1_cds_WP_181373843.1_60	NC_010628.1	89.320	103	11	0	117	219	4472060	4471958	1.81e-30	130
lcl|NZ_BDUD01000001.1_cds_WP_181373843.1_60	NC_010628.1	93.506	77	4	1	144	219	850329	850253	1.83e-25	113
lcl|NZ_BDUD01000001.1_cds_WP_181373843.1_60	NC_010628.1	96.721	61	2	0	110	170	1310865	1310925	3.95e-22	102
lcl|NZ_BDUD01000001.1_cds_WP_181373843.1_60	NC_010628.1	95.161	62	3	0	130	191	1310864	1310925	5.11e-21	99.0
lcl|NZ_BDUD01000001.1_cds_WP_181373843.1_60	NC_010628.1	92.308	65	5	0	36	100	850163	850099	2.38e-19	93.5
lcl|NZ_BDUD01000001.1_cds_WP_109006786.1_61	NC_010628.1	88.540	2391	272	2	1	2390	6132817	6135206	0.0	2896
lcl|NZ_BDUD01000001.1_cds_WP_109006787.1_64	NC_010628.1	87.697	2284	274	5	2004	4280	6128718	6131001	0.0	2654
lcl|NZ_BDUD01000001.1_cds_WP_109006787.1_64	NC_010628.1	84.302	2013	296	18	1	2003	6127099	6129101	0.0	1949
lcl|NZ_BDUD01000001.1_cds_WP_109006787.1_64	NC_010628.1	86.992	123	12	4	4296	4416	6853847	6853967	4.82e-31	135
lcl|NZ_BDUD01000001.1_cds_WP_109006788.1_65	NC_010628.1	87.698	252	31	0	1	252	6126395	6126144	3.93e-80	294
lcl|NZ_BDUD01000001.1_cds_WP_109006789.1_66	NC_010628.1	89.498	219	23	0	1	219	6125497	6125715	3.44e-75	278
lcl|NZ_BDUD01000001.1_cds_WP_109006790.1_67	NC_010628.1	91.484	1233	105	0	1	1233	6125196	6123964	0.0	1696
lcl|NZ_BDUD01000001.1_cds_WP_109006791.1_68	NC_010628.1	88.596	1289	119	15	1	1284	6122567	6123832	0.0	1541
lcl|NZ_BDUD01000001.1_cds_WP_109006792.1_69	NC_010628.1	91.315	1186	101	2	1	1185	8023265	8022081	0.0	1618
lcl|NZ_BDUD01000001.1_cds_WP_109006793.1_70	NC_010628.1	94.395	339	19	0	1	339	2060181	2059843	2.28e-148	521
lcl|NZ_BDUD01000001.1_cds_WP_109006794.1_71	NC_010628.1	85.060	415	62	0	941	1355	2290430	2290844	2.92e-118	424
lcl|NZ_BDUD01000001.1_cds_WP_109006794.1_71	NC_010628.1	83.371	445	70	4	1	443	2289493	2289935	8.17e-114	409
lcl|NZ_BDUD01000001.1_cds_WP_109006796.1_72	NC_010628.1	92.329	365	28	0	1	365	1807645	1807281	8.90e-148	520
lcl|NZ_BDUD01000001.1_cds_WP_109012383.1_73	NC_010628.1	84.365	307	45	1	30	333	5862448	5862142	4.34e-81	298
lcl|NZ_BDUD01000001.1_cds_WP_109006797.1_74	NC_010628.1	84.791	1052	153	7	1	1047	2373381	2372332	0.0	1050
lcl|NZ_BDUD01000001.1_cds_WP_109006798.1_76	NC_010628.1	93.058	2492	165	3	1	2491	1812072	1814556	0.0	3637
lcl|NZ_BDUD01000001.1_cds_WP_109006799.1_77	NC_010628.1	90.783	1150	102	4	1	1148	1815382	1816529	0.0	1533
lcl|NZ_BDUD01000001.1_cds_WP_109006800.1_78	NC_010628.1	88.036	1772	205	6	1	1767	1821185	1819416	0.0	2091
lcl|NZ_BDUD01000001.1_cds_WP_109006800.1_78	NC_010628.1	89.039	1633	177	1	1749	3381	1818241	1816611	0.0	2023
lcl|NZ_BDUD01000001.1_cds_WP_109012384.1_79	NC_010628.1	92.873	884	63	0	1	884	1822304	1821421	0.0	1284
lcl|NZ_BDUD01000001.1_cds_WP_109006801.1_80	NC_010628.1	92.327	1173	90	0	1	1173	1822561	1823733	0.0	1668
lcl|NZ_BDUD01000001.1_cds_WP_181373846.1_81	NC_010628.1	96.923	65	2	0	1	65	6853910	6853974	8.56e-25	110
lcl|NZ_BDUD01000001.1_cds_WP_181373846.1_81	NC_010628.1	96.296	54	2	0	1	54	7941603	7941656	1.12e-18	89.8
lcl|NZ_BDUD01000001.1_cds_WP_181373846.1_81	NC_010628.1	94.444	54	3	0	1	54	4826131	4826078	5.19e-17	84.2
lcl|NZ_BDUD01000001.1_cds_WP_181373846.1_81	NC_010628.1	91.489	47	4	0	1	47	7761434	7761388	1.88e-11	65.8
lcl|NZ_BDUD01000001.1_cds_WP_109006804.1_84	NC_010628.1	92.222	360	28	0	1	360	3367856	3367497	5.26e-145	510
lcl|NZ_BDUD01000001.1_cds_WP_109006805.1_85	NC_010628.1	92.388	1340	102	0	1	1340	3367412	3366073	0.0	1910
lcl|NZ_BDUD01000001.1_cds_WP_109006807.1_87	NC_010628.1	93.519	1620	105	0	1	1620	3365200	3363581	0.0	2410
lcl|NZ_BDUD01000001.1_cds_WP_109006809.1_89	NC_010628.1	91.398	1023	88	0	1	1023	3362402	3363424	0.0	1402
lcl|NZ_BDUD01000001.1_cds_WP_109006810.1_90	NC_010628.1	90.000	180	18	0	1	180	3362100	3362279	6.23e-62	233
lcl|NZ_BDUD01000001.1_cds_WP_109006811.1_91	NC_010628.1	91.154	1040	92	0	1	1040	3360972	3362011	0.0	1411
lcl|NZ_BDUD01000001.1_cds_WP_109006812.1_92	NC_010628.1	91.826	783	64	0	1	783	3360515	3359733	0.0	1092
lcl|NZ_BDUD01000001.1_cds_WP_109006813.1_93	NC_010628.1	92.708	288	21	0	1	288	3343146	3342859	9.29e-117	416
lcl|NZ_BDUD01000001.1_cds_WP_109006814.1_94	NC_010628.1	94.030	1005	60	0	1	1005	3344190	3343186	0.0	1524
lcl|NZ_BDUD01000001.1_cds_WP_109006815.1_95	NC_010628.1	93.098	594	41	0	1	594	3344933	3344340	0.0	870
lcl|NZ_BDUD01000001.1_cds_WP_109006816.1_96	NC_010628.1	89.850	867	58	5	1	858	3345810	3344965	0.0	1086
lcl|NZ_BDUD01000001.1_cds_WP_109006816.1_96	NC_010628.1	100.000	32	0	0	454	485	796155	796186	5.66e-09	60.2
lcl|NZ_BDUD01000001.1_cds_WP_109006816.1_96	NC_010628.1	100.000	29	0	0	455	483	2461863	2461835	2.63e-07	54.7
lcl|NZ_BDUD01000001.1_cds_WP_109006817.1_97	NC_010628.1	95.813	621	26	0	1	621	3346420	3345800	0.0	1003
